csi-ncvlog - CSI: Command line:
ncvlog
    -f /home/nsl06/uart_test/UART_LAYERED_22_01_18/run_layered/INCA_libs/irun.lnx8664.15.10.nc/ncvlog.args
        -XLMODE ./INCA_libs/irun.lnx8664.15.10.nc
        -RUNMODE
        -INCDIR ../tb_layered
        -INCDIR ../rtl
        ../rtl/uart_apb_slave.v
        ../rtl/uart_receiver.v
        ../rtl/uart_regs.v
        ../rtl/uart_top.v
        ../rtl/uart_transmitter.v
        ../tb_layered/uart_top_layered.sv
        -CDSLIB ./INCA_libs/irun.lnx8664.15.10.nc/cdsrun.lib
        -HDLVAR ./INCA_libs/irun.lnx8664.15.10.nc/hdlrun.var
        -MESSAGES
        -UPDATE
        -XLLIBSTORE ./INCA_libs/irun.lnx8664.15.10.nc/xllibs
        -ALLOWUNBOUND
    -CHECK_VERSION TOOL:	irun(64)	15.10-s015
    -LOG_FD 4

csi-ncvlog - CSI: *F,INTERR: INTERNAL EXCEPTION
-----------------------------------------------------------------
The tool has encountered an unexpected condition and must exit.
Contact Cadence Design Systems customer support about this
problem and provide enough information to help us reproduce it,
including the logfile that contains this error message.
  TOOL:	ncvlog(64)	15.10-s015
  HOSTNAME: ns.server1
  OPERATING SYSTEM: Linux 3.10.0-693.11.6.el7.x86_64 #1 SMP Thu Dec 28 14:23:39 EST 2017 x86_64
  MESSAGE: vst_identifier () - bad class, class 843
-----------------------------------------------------------------

csi-ncvlog - CSI: Cadence Support Investigation, recording details
Verilog Syntax Tree: root (VST_ROOT) in compilation_unit worklib.\$unit_0x333ed5df :compilation_unit (VST)
	File: ../tb_layered/transaction.sv, line 1, position 8
	Decompile: $unit_0x333ed5df
	Source  : class transaction;
	Position:         ^
Verilog Syntax Tree: compilation unit declaration (VST_D_COMP_UNIT) in compilation_unit worklib.\$unit_0x333ed5df :compilation_unit (VST)
	File: ../tb_layered/transaction.sv, line 1, position 8
	Scope: $unit_0x333ed5df
	Decompile: $unit_0x333ed5df
	Source  : class transaction;
	Position:         ^
Verilog Syntax Tree: root (VST_ROOT) in compilation_unit worklib.\$unit_0x333ed5df :compilation_unit (VST)
	File: ../tb_layered/transaction.sv, line 1, position 8
	Decompile: $unit_0x333ed5df
	Source  : class transaction;
	Position:         ^
Verilog Syntax Tree: module declaration (VST_D_MODULE) in module worklib.uart_top_tb:sv (VST)
	File: ../tb_layered/transaction.sv, line 1, position 17
	Scope: uart_top_tb
	Decompile: uart_top_tb
	Source  : class transaction;
	Position:                  ^
Verilog Syntax Tree: initial statement declaration (VST_D_INITIAL_STMT) in module worklib.uart_top_tb:sv (VST)
	File: ../tb_layered/generator.sv, line 33, position 6
	Scope: uart_top_tb
	Source  :     end
	Position:       ^
Verilog Syntax Tree: string expression (VST_E_STRING) in module worklib.uart_top_tb:sv (VST)
	File: ../tb_layered/generator.sv, line 35, position 22
	Decompile: "dump.vcd"
	Source  : 
	Position:                       ^
Verilog Syntax Tree: root (VST_ROOT) in compilation_unit worklib.\$unit_0x333ed5df :compilation_unit (VST)
	File: ../tb_layered/transaction.sv, line 1, position 8
	Decompile: $unit_0x333ed5df
	Source  : class transaction;
	Position:         ^
Verilog Syntax Tree: compilation unit declaration (VST_D_COMP_UNIT) in compilation_unit worklib.\$unit_0x333ed5df :compilation_unit (VST)
	File: ../tb_layered/transaction.sv, line 1, position 8
	Scope: $unit_0x333ed5df
	Decompile: $unit_0x333ed5df
	Source  : class transaction;
	Position:         ^
Verilog Syntax Tree: root (VST_ROOT) in compilation_unit worklib.\$unit_0x333ed5df :compilation_unit (VST)
	File: ../tb_layered/transaction.sv, line 1, position 8
	Decompile: $unit_0x333ed5df
	Source  : class transaction;
	Position:         ^
Verilog Syntax Tree: module declaration (VST_D_MODULE) in module worklib.uart_top_tb:sv (VST)
	File: ../tb_layered/transaction.sv, line 1, position 17
	Scope: uart_top_tb
	Decompile: uart_top_tb
	Source  : class transaction;
	Position:                  ^
Verilog Syntax Tree: class declaration (VST_D_CLASS) in compilation_unit worklib.\$unit_0x333ed5df :compilation_unit (VST)
	File: ../tb_layered/driver.sv, line 1, position 11
	Scope: $unit_0x333ed5df::driver
	Decompile: $unit_0x333ed5df::driver
	Source  : class driver;
	Position:            ^
Intermediate File: string (IF_STRING) in module worklib.uart_top_tb:sv (VST)
	Decompile: testcase_one
Intermediate File: string (IF_STRING) in module worklib.uart_top_tb:sv (VST)
	Decompile: t1
Intermediate File: string (IF_STRING) in module worklib.uart_top_tb:sv (VST)
	Decompile: uart_top_tb
Verilog Syntax Tree: module declaration (VST_D_MODULE) in module worklib.uart_top_tb:sv (VST)
	File: ../tb_layered/transaction.sv, line 1, position 17
	Scope: uart_top_tb
	Decompile: uart_top_tb
	Source  : class transaction;
	Position:                  ^
Verilog Syntax Tree: compilation unit declaration (VST_D_COMP_UNIT) in compilation_unit worklib.\$unit_0x333ed5df :compilation_unit (VST)
	File: ../tb_layered/transaction.sv, line 1, position 8
	Scope: $unit_0x333ed5df
	Decompile: $unit_0x333ed5df
	Source  : class transaction;
	Position:         ^
Verilog Syntax Tree: root (VST_ROOT) in module worklib.uart_top_tb:sv (VST)
	File: ../tb_layered/transaction.sv, line 1, position 5
	Decompile: uart_top_tb
	Source  : class transaction;
	Position:      ^
Verilog Syntax Tree: root (VST_ROOT) in compilation_unit worklib.\$unit_0x333ed5df :compilation_unit (VST)
	File: ../tb_layered/transaction.sv, line 1, position 8
	Decompile: $unit_0x333ed5df
	Source  : class transaction;
	Position:         ^
Verilog Syntax Tree: task declaration (VST_D_TASK) in compilation_unit worklib.\$unit_0x333ed5df :compilation_unit (VST)
	File: ../tb_layered/driver.sv, line 24, position 15
	Scope: $unit_0x333ed5df::driver::new
	Decompile: new
	Source  :     function new(virtual uart_interface uif, mailbox gen2drv);
	Position:                ^
Verilog Syntax Tree: class declaration (VST_D_CLASS) in compilation_unit worklib.\$unit_0x333ed5df :compilation_unit (VST)
	File: ../tb_layered/driver.sv, line 1, position 11
	Scope: $unit_0x333ed5df::driver
	Decompile: $unit_0x333ed5df::driver
	Source  : class driver;
	Position:            ^
Verilog Syntax Tree: covergroup declaration (VST_D_COVERGROUP) in compilation_unit worklib.\$unit_0x333ed5df :compilation_unit (VST)
	File: ../tb_layered/coverage_loopback.sv, line 1, position 26
	Scope: $unit_0x333ed5df::driver
	Decompile: unable to decompile type 611
	Source  : covergroup uart_cg_loopback;
	Position:                           ^
Verilog Syntax Tree: class declaration (VST_D_CLASS) in compilation_unit worklib.\$unit_0x333ed5df :compilation_unit (VST)
	File: ../tb_layered/driver.sv, line 1, position 11
	Scope: $unit_0x333ed5df::driver
	Decompile: $unit_0x333ed5df::driver
	Source  : class driver;
	Position:            ^
Verilog Syntax Tree: bit type (VST_T_BIT) in module worklib.uart_top_tb:sv (VST)
	Decompile: bit
Verilog Syntax Tree: register declaration (VST_D_REG) in module worklib.uart_top_tb:sv (VST)
	File: ../tb_layered/transaction.sv, line 3, position 17
	Scope: uart_top_tb
	Decompile: bit rst_n
	Source  :          bit        psel;
	Position:                  ^
Verilog Syntax Tree: bit type (VST_T_BIT) in module worklib.uart_top_tb:sv (VST)
	Decompile: bit
Verilog Syntax Tree: task declaration (VST_D_TASK) in compilation_unit worklib.\$unit_0x333ed5df :compilation_unit (VST)
	File: ../tb_layered/driver.sv, line 24, position 15
	Scope: $unit_0x333ed5df::driver::new
	Decompile: new
	Source  :     function new(virtual uart_interface uif, mailbox gen2drv);
	Position:                ^
Verilog Syntax Tree: register declaration (VST_D_REG) in compilation_unit worklib.\$unit_0x333ed5df :compilation_unit (VST)
	File: ../tb_layered/driver.sv, line 24, position 59
	Scope: $unit_0x333ed5df::driver::new
	Decompile: unable to decompile type 834 gen2drv
	Source  :     function new(virtual uart_interface uif, mailbox gen2drv);
	Position:                                                            ^
Verilog Syntax Tree: coverpoint declaration (VST_D_COVERPOINT) in compilation_unit worklib.\$unit_0x333ed5df :compilation_unit (VST)
	File: ../tb_layered/coverage_loopback.sv, line 3, position 23
	Scope: $unit_0x333ed5df::driver
	Decompile: unable to decompile type 608
	Source  :     selector: coverpoint trans.mode {
	Position:                        ^
Verilog Syntax Tree: sequential block statement (VST_S_SEQ_BLOCK) in compilation_unit worklib.\$unit_0x333ed5df :compilation_unit (VST)
	File: ../tb_layered/driver.sv, line 25, position 11
	Scope: $unit_0x333ed5df::driver::new
	Source  :         this.uif               = uif;
	Position:            ^
Verilog Syntax Tree: blocking assignment statement (VST_S_BLOCKING_ASSIGNMENT) in compilation_unit worklib.\$unit_0x333ed5df :compilation_unit (VST)
	File: ../tb_layered/driver.sv, line 28, position 31
	Scope: $unit_0x333ed5df::driver::new
	Decompile: new ()
	Source  :         uart_cg_receive        = new();
	Position:                                ^
Verilog Syntax Tree: task declaration (VST_D_TASK) in compilation_unit worklib.\$unit_0x333ed5df :compilation_unit (VST)
	File: ../tb_layered/driver.sv, line 24, position 15
	Scope: $unit_0x333ed5df::driver::new
	Decompile: new
	Source  :     function new(virtual uart_interface uif, mailbox gen2drv);
	Position:                ^
Verilog Syntax Tree: sequential block statement (VST_S_SEQ_BLOCK) in compilation_unit worklib.\$unit_0x333ed5df :compilation_unit (VST)
	File: ../tb_layered/driver.sv, line 25, position 11
	Scope: $unit_0x333ed5df::driver::new
	Source  :         this.uif               = uif;
	Position:            ^
Verilog Syntax Tree: option covergroup (VST_COVERGROUP_OPTION) in compilation_unit worklib.\$unit_0x333ed5df :compilation_unit (VST)
	Scope: $unit_0x333ed5df::driver
	Decompile: unable to decompile type 612
Verilog Syntax Tree: covergroup declaration (VST_D_COVERGROUP) in compilation_unit worklib.\$unit_0x333ed5df :compilation_unit (VST)
	File: ../tb_layered/coverage_loopback.sv, line 1, position 26
	Scope: $unit_0x333ed5df::driver
	Decompile: unable to decompile type 611
	Source  : covergroup uart_cg_loopback;
	Position:                           ^
Verilog Syntax Tree: blocking assignment statement (VST_S_BLOCKING_ASSIGNMENT) in compilation_unit worklib.\$unit_0x333ed5df :compilation_unit (VST)
	File: ../tb_layered/driver.sv, line 28, position 31
	Scope: $unit_0x333ed5df::driver::new
	Decompile: new ()
	Source  :         uart_cg_receive        = new();
	Position:                                ^
Verilog Syntax Tree: task declaration (VST_D_TASK) in compilation_unit worklib.\$unit_0x333ed5df :compilation_unit (VST)
	File: ../tb_layered/driver.sv, line 24, position 15
	Scope: $unit_0x333ed5df::driver::new
	Decompile: new
	Source  :     function new(virtual uart_interface uif, mailbox gen2drv);
	Position:                ^
Verilog Syntax Tree: sequential block statement (VST_S_SEQ_BLOCK) in compilation_unit worklib.\$unit_0x333ed5df :compilation_unit (VST)
	File: ../tb_layered/driver.sv, line 25, position 11
	Scope: $unit_0x333ed5df::driver::new
	Source  :         this.uif               = uif;
	Position:            ^
Intermediate File: string (IF_STRING) in compilation_unit worklib.\$unit_0x333ed5df :compilation_unit (VST)
	Decompile: mode
Verilog Syntax Tree: new expression (VST_E_NEW) in compilation_unit worklib.\$unit_0x333ed5df :compilation_unit (VST)
	File: ../tb_layered/driver.sv, line 28, position 35
	Scope: $unit_0x333ed5df::driver::new
	Decompile: new ()
	Source  :         uart_cg_receive        = new();
	Position:                                    ^
Verilog Syntax Tree: task declaration (VST_D_TASK) in compilation_unit worklib.\$unit_0x333ed5df :compilation_unit (VST)
	File: ../tb_layered/coverage_loopback.sv, line 1, position 26
	Scope: $unit_0x333ed5df::driver::\uart_cg_loopback .new
	Decompile: new
	Source  : covergroup uart_cg_loopback;
	Position:                           ^
Verilog Syntax Tree: task declaration (VST_D_TASK) in compilation_unit worklib.\$unit_0x333ed5df :compilation_unit (VST)
	File: ../tb_layered/driver.sv, line 24, position 15
	Scope: $unit_0x333ed5df::driver::new
	Decompile: new
	Source  :     function new(virtual uart_interface uif, mailbox gen2drv);
	Position:                ^
Intermediate File: string (IF_STRING) in compilation_unit worklib.\$unit_0x333ed5df :compilation_unit (VST)
	Decompile: uart_cg_receive
Verilog Syntax Tree: task declaration (VST_D_TASK) in compilation_unit worklib.\$unit_0x333ed5df :compilation_unit (VST)
	File: ../tb_layered/coverage_loopback.sv, line 1, position 26
	Scope: $unit_0x333ed5df::driver::\uart_cg_loopback .new
	Decompile: new
	Source  : covergroup uart_cg_loopback;
	Position:                           ^
Verilog Syntax Tree: blocking assignment statement (VST_S_BLOCKING_ASSIGNMENT) in compilation_unit worklib.\$unit_0x333ed5df :compilation_unit (VST)
	File: ../tb_layered/driver.sv, line 28, position 31
	Scope: $unit_0x333ed5df::driver::new
	Decompile: new ()
	Source  :         uart_cg_receive        = new();
	Position:                                ^
Verilog Syntax Tree: identifier expression (VST_E_IDENTIFIER) in compilation_unit worklib.\$unit_0x333ed5df :compilation_unit (VST)
	File: ../tb_layered/driver.sv, line 27, position 23
	Scope: $unit_0x333ed5df::driver
	Decompile: uart_cg_loopback
	Source  :         uart_cg_loopback       = new();
	Position:                        ^
Verilog Syntax Tree: task declaration (VST_D_TASK) in compilation_unit worklib.\$unit_0x333ed5df :compilation_unit (VST)
	File: ../tb_layered/driver.sv, line 24, position 15
	Scope: $unit_0x333ed5df::driver::new
	Decompile: new
	Source  :     function new(virtual uart_interface uif, mailbox gen2drv);
	Position:                ^
Verilog Syntax Tree: class select expression (VST_E_CLASS_SELECT) in compilation_unit worklib.\$unit_0x333ed5df :compilation_unit (VST)
	File: ../tb_layered/driver.sv, line 26, position 19
	Scope: $unit_0x333ed5df::driver
	Decompile: this.gen2drv
	Source  :         this.gen2drv           = gen2drv;
	Position:                    ^
Verilog Syntax Tree: register declaration (VST_D_REG) in compilation_unit worklib.\$unit_0x333ed5df :compilation_unit (VST)
	File: ../tb_layered/driver.sv, line 17, position 49
	Scope: $unit_0x333ed5df::driver
	Decompile: int loop_count
	Source  :     int         LOOPBACK_CHARACTER_NUM, loop_count;
	Position:                                                  ^
Verilog Syntax Tree: task declaration (VST_D_TASK) in compilation_unit worklib.\$unit_0x333ed5df :compilation_unit (VST)
	File: ../tb_layered/driver.sv, line 24, position 15
	Scope: $unit_0x333ed5df::driver::new
	Decompile: new
	Source  :     function new(virtual uart_interface uif, mailbox gen2drv);
	Position:                ^
Verilog Syntax Tree: class declaration (VST_D_CLASS) in compilation_unit worklib.\$unit_0x333ed5df :compilation_unit (VST)
	File: ../tb_layered/driver.sv, line 1, position 11
	Scope: $unit_0x333ed5df::driver
	Decompile: $unit_0x333ed5df::driver
	Source  : class driver;
	Position:            ^
Verilog Syntax Tree: task declaration (VST_D_TASK) in compilation_unit worklib.\$unit_0x333ed5df :compilation_unit (VST)
	File: ../tb_layered/driver.sv, line 24, position 15
	Scope: $unit_0x333ed5df::driver::new
	Decompile: new
	Source  :     function new(virtual uart_interface uif, mailbox gen2drv);
	Position:                ^
Verilog Syntax Tree: register declaration (VST_D_REG) in compilation_unit worklib.\$unit_0x333ed5df :compilation_unit (VST)
	File: ../tb_layered/driver.sv, line 18, position 22
	Scope: $unit_0x333ed5df::driver
	Decompile: unable to decompile type 834 gen2drv
	Source  :     mailbox     gen2drv;
	Position:                       ^
Verilog Syntax Tree: register declaration (VST_D_REG) in compilation_unit worklib.\$unit_0x333ed5df :compilation_unit (VST)
	File: ../tb_layered/generator.sv, line 3, position 20
	Scope: $unit_0x333ed5df::generator
	Decompile: $unit_0x333ed5df::transaction trans
	Source  :     transaction trans;
	Position:                     ^
Verilog Syntax Tree: class declaration (VST_D_CLASS) in compilation_unit worklib.\$unit_0x333ed5df :compilation_unit (VST)
	File: ../tb_layered/driver.sv, line 1, position 11
	Scope: $unit_0x333ed5df::driver
	Decompile: $unit_0x333ed5df::driver
	Source  : class driver;
	Position:            ^
Verilog Syntax Tree: compilation unit declaration (VST_D_COMP_UNIT) in compilation_unit worklib.\$unit_0x333ed5df :compilation_unit (VST)
	File: ../tb_layered/transaction.sv, line 1, position 8
	Scope: $unit_0x333ed5df
	Decompile: $unit_0x333ed5df
	Source  : class transaction;
	Position:         ^
Verilog Syntax Tree: class declaration (VST_D_CLASS) in compilation_unit worklib.\$unit_0x333ed5df :compilation_unit (VST)
	File: ../tb_layered/generator.sv, line 1, position 14
	Scope: $unit_0x333ed5df::generator
	Decompile: $unit_0x333ed5df::generator
	Source  : class generator;
	Position:               ^
Verilog Syntax Tree: task declaration (VST_D_TASK) in compilation_unit worklib.\$unit_0x333ed5df :compilation_unit (VST)
	File: ../tb_layered/driver.sv, line 24, position 15
	Scope: $unit_0x333ed5df::driver::new
	Decompile: new
	Source  :     function new(virtual uart_interface uif, mailbox gen2drv);
	Position:                ^
Verilog Syntax Tree: class declaration (VST_D_CLASS) in compilation_unit worklib.\$unit_0x333ed5df :compilation_unit (VST)
	File: ../tb_layered/driver.sv, line 1, position 11
	Scope: $unit_0x333ed5df::driver
	Decompile: $unit_0x333ed5df::driver
	Source  : class driver;
	Position:            ^
Verilog Syntax Tree: register declaration (VST_D_REG) in compilation_unit worklib.\$unit_0x333ed5df :compilation_unit (VST)
	File: ../tb_layered/transaction.sv, line 1, position 16
	Scope: $unit_0x333ed5df::transaction::randomize
	Decompile: int randomize
	Source  : class transaction;
	Position:                 ^
Intermediate File: root (IF_ROOT) in compilation_unit worklib.\$unit_0x333ed5df :compilation_unit (VST)
Verilog Syntax Tree: referral into class (VST_R_INTO_CLASS) in compilation_unit worklib.\$unit_0x333ed5df :compilation_unit (VST)
	Scope: $unit_0x333ed5df::transaction
	Decompile: $unit_0x333ed5df::transaction
Verilog Syntax Tree: task declaration (VST_D_TASK) in compilation_unit worklib.\$unit_0x333ed5df :compilation_unit (VST)
	File: ../tb_layered/driver.sv, line 24, position 15
	Scope: $unit_0x333ed5df::driver::new
	Decompile: new
	Source  :     function new(virtual uart_interface uif, mailbox gen2drv);
	Position:                ^
Verilog Syntax Tree: compilation unit declaration (VST_D_COMP_UNIT) in compilation_unit worklib.\$unit_0x333ed5df :compilation_unit (VST)
	File: ../tb_layered/transaction.sv, line 1, position 8
	Scope: $unit_0x333ed5df
	Decompile: $unit_0x333ed5df
	Source  : class transaction;
	Position:         ^
Verilog Syntax Tree: bit type (VST_T_BIT) in module worklib.uart_top_tb:sv (VST)
	Decompile: bit
Verilog Syntax Tree: register declaration (VST_D_REG) in module worklib.uart_top_tb:sv (VST)
	File: ../tb_layered/transaction.sv, line 3, position 10
	Scope: uart_top_tb
	Decompile: bit clk
	Source  :          bit        psel;
	Position:           ^
Verilog Syntax Tree: bit type (VST_T_BIT) in module worklib.uart_top_tb:sv (VST)
	Decompile: bit
Intermediate File: data block (IF_BLK) in module worklib.uart_top_tb:sv (VST)
Verilog Syntax Tree: register declaration (VST_D_REG) in compilation_unit worklib.\$unit_0x333ed5df :compilation_unit (VST)
	File: ../tb_layered/generator.sv, line 3, position 20
	Scope: $unit_0x333ed5df::generator
	Decompile: $unit_0x333ed5df::transaction trans
	Source  :     transaction trans;
	Position:                     ^
Verilog Syntax Tree: identifier expression (VST_E_IDENTIFIER) in compilation_unit worklib.\$unit_0x333ed5df :compilation_unit (VST)
	File: ../tb_layered/generator.sv, line 32, position 12
	Scope: $unit_0x333ed5df::generator
	Decompile: trans
	Source  :         trans = new();
	Position:             ^
Verilog Syntax Tree: bit type (VST_T_BIT) in module worklib.uart_top_tb:sv (VST)
	Decompile: bit
Verilog Syntax Tree: class type (VST_T_CLASS) in compilation_unit worklib.\$unit_0x333ed5df :compilation_unit (VST)
	File: ../tb_layered/generator.sv, line 3, position 14
	Scope: $unit_0x333ed5df::generator
	Decompile: $unit_0x333ed5df::transaction
	Source  :     transaction trans;
	Position:               ^
Verilog Syntax Tree: bit type (VST_T_BIT) in module worklib.uart_top_tb:sv (VST)
	Decompile: bit
Intermediate File: string (IF_STRING) in module worklib.uart_top_tb:sv (VST)
	Decompile: uart_top
Verilog Syntax Tree: number expression (VST_E_NUMBER) in module worklib.uart_top_tb:sv (VST)
	File: ../tb_layered/includes.sv, line 11, position 53
	Decompile: 32'h00000000
	Source  : `include "generator.sv"
	Position:                                                      ^
Verilog Syntax Tree: register declaration (VST_D_REG) in compilation_unit worklib.\$unit_0x333ed5df :compilation_unit (VST)
	File: ../tb_layered/generator.sv, line 3, position 20
	Scope: $unit_0x333ed5df::generator
	Decompile: $unit_0x333ed5df::transaction trans
	Source  :     transaction trans;
	Position:                     ^
Verilog Syntax Tree: class type (VST_T_CLASS) in compilation_unit worklib.\$unit_0x333ed5df :compilation_unit (VST)
	File: ../tb_layered/generator.sv, line 3, position 14
	Scope: $unit_0x333ed5df::generator
	Decompile: $unit_0x333ed5df::transaction
	Source  :     transaction trans;
	Position:               ^
Verilog Syntax Tree: named connection expression (VST_E_NAMED_CONNECTION) in compilation_unit worklib.\$unit_0x333ed5df :compilation_unit (VST)
	File: ../tb_layered/driver.sv, line 296, position 14
	Decompile: named connection
	Source  :               4'h0,
	Position:               ^
Verilog Syntax Tree: blocking assignment statement (VST_S_BLOCKING_ASSIGNMENT) in compilation_unit worklib.\$unit_0x333ed5df :compilation_unit (VST)
	File: ../tb_layered/driver.sv, line 28, position 31
	Scope: $unit_0x333ed5df::driver::new
	Decompile: new ()
	Source  :         uart_cg_receive        = new();
	Position:                                ^
Verilog Syntax Tree: identifier expression (VST_E_IDENTIFIER) in module worklib.uart_top_tb:sv (VST)
	File: ../tb_layered/transaction.sv, line 9, position 31
	Scope: uart_top_tb
	Decompile: clk
	Source  :     rand bit  [3:0] interrupts_config;
	Position:                                ^
Verilog Syntax Tree: register declaration (VST_D_REG) in module worklib.uart_top_tb:sv (VST)
	File: ../tb_layered/transaction.sv, line 3, position 10
	Scope: uart_top_tb
	Decompile: bit clk
	Source  :          bit        psel;
	Position:           ^
Verilog Syntax Tree: register declaration (VST_D_REG) in compilation_unit worklib.\$unit_0x333ed5df :compilation_unit (VST)
	File: ../tb_layered/environment.sv, line 9, position 42
	Scope: $unit_0x333ed5df::environment::new
	Decompile: virtual interface uart_interface uif
	Source  :     function new(virtual uart_interface uif);
	Position:                                           ^
Verilog Syntax Tree: bit type (VST_T_BIT) in module worklib.uart_top_tb:sv (VST)
	Decompile: bit
Verilog Syntax Tree: register declaration (VST_D_REG) in module worklib.uart_top_tb:sv (VST)
	File: ../tb_layered/transaction.sv, line 3, position 10
	Scope: uart_top_tb
	Decompile: bit clk
	Source  :          bit        psel;
	Position:           ^
Verilog Syntax Tree: bit type (VST_T_BIT) in module worklib.uart_top_tb:sv (VST)
	Decompile: bit
Verilog Syntax Tree: vparam (VST_VPARAM) in module worklib.uart_top_tb:sv (VST)
	File: ../tb_layered/transaction.sv, line 16, position 30
	Decompile: unable to decompile type 746
	Source  : endclass : transaction
	Position:                               ^
Verilog Syntax Tree: register declaration (VST_D_REG) in module worklib.uart_top_tb:sv (VST)
	File: ../tb_layered/transaction.sv, line 3, position 10
	Scope: uart_top_tb
	Decompile: bit clk
	Source  :          bit        psel;
	Position:           ^
Verilog Syntax Tree: number expression (VST_E_NUMBER) in module worklib.uart_top_tb:sv (VST)
	File: ../tb_layered/includes.sv, line 11, position 53
	Decompile: 32'h00000000
	Source  : `include "generator.sv"
	Position:                                                      ^
Verilog Syntax Tree: register declaration (VST_D_REG) in module worklib.uart_top_tb:sv (VST)
	File: ../tb_layered/transaction.sv, line 3, position 10
	Scope: uart_top_tb
	Decompile: bit clk
	Source  :          bit        psel;
	Position:           ^
Intermediate File: string (IF_STRING) in module worklib.uart_top_tb:sv (VST)
	Decompile: pwrite
Verilog Syntax Tree: hierarchical reference declaration (VST_D_OOMR) in module worklib.uart_top_tb:sv (VST)
	File: ../tb_layered/generator.sv, line 10, position 24
	Decompile: apb_wr_i
	Source  :         this.gen2drv      = gen2drv;
	Position:                         ^
Verilog Syntax Tree: unknown expression (VST_E_UNKNOWN) in module worklib.uart_top_tb:sv (VST)
	File: ../tb_layered/generator.sv, line 14, position 41
	Scope: uart_top_tb
	Decompile: uif.pready
	Source  :     extern task signal_generate();
	Position:                                          ^
Verilog Syntax Tree: system task enable statement (VST_S_SYSTEM_TASK_ENABLE) in module worklib.uart_top_tb:sv (VST)
	File: ../tb_layered/generator.sv, line 35, position 11
	Scope: uart_top_tb
	Decompile: $dumpfile
	Source  : 
	Position:            ^
Intermediate File: string (IF_STRING) in module worklib.uart_top_tb:sv (VST)
	Decompile: clk
Verilog Syntax Tree: hierarchical reference declaration (VST_D_OOMR) in module worklib.uart_top_tb:sv (VST)
	File: ../tb_layered/generator.sv, line 9, position 24
	Decompile: apb_en_i
	Source  :         //trans = new();
	Position:                         ^
Verilog Syntax Tree: hierarchical reference declaration (VST_D_OOMR) in module worklib.uart_top_tb:sv (VST)
	File: ../tb_layered/generator.sv, line 36, position 11
	Decompile: $dumpvars
	Source  : endtask : signal_generate
	Position:            ^
Intermediate File: string (IF_STRING) in module worklib.uart_top_tb:sv (VST)
	Decompile: APB_BASE_ADDRESS
Verilog Syntax Tree: hierarchical reference declaration (VST_D_OOMR) in module worklib.uart_top_tb:sv (VST)
	File: ../tb_layered/generator.sv, line 10, position 24
	Decompile: apb_wr_i
	Source  :         this.gen2drv      = gen2drv;
	Position:                         ^
Verilog Syntax Tree: hierarchical reference declaration (VST_D_OOMR) in module worklib.uart_top_tb:sv (VST)
	File: ../tb_layered/generator.sv, line 9, position 24
	Decompile: apb_en_i
	Source  :         //trans = new();
	Position:                         ^
Verilog Syntax Tree: name component oomr (VST_OOMR_NAME_COMPONENT) in module worklib.uart_top_tb:sv (VST)
	Decompile: $dumpfile
Verilog Syntax Tree: unknown expression (VST_E_UNKNOWN) in module worklib.uart_top_tb:sv (VST)
	File: ../tb_layered/generator.sv, line 25, position 38
	Scope: uart_top_tb
	Decompile: uif.rxd
	Source  :         if(!trans.randomize()) begin
	Position:                                       ^
csi-ncvlog - CSI: investigation output 1st 100 entries took 0.021 secs, send this file to Cadence Support
